Clock: clk
Sources: 
Generated: no
Virtual: yes
Propagated: no
Period: 100.000000

===========================================================================
report_clock_properties
============================================================================
Clock                   Period          Waveform
----------------------------------------------------
clk                 100.000000    0.000000 50.000000

===========================================================================
report_clock_latency
============================================================================
Clock clk
rise -> rise
    min     max
0.000000 0.000000 source latency
20.956545         network latency uartUnit.uartRxUnit._155_/CLK
        21.729403 network latency uartUnit.fifoTX._138_/CLK
---------------
20.956545 21.729403 latency
        0.772857 skew

rise -> fall
    min     max
0.000000 0.000000 source latency
20.849686         network latency uartUnit.uartRxUnit._155_/CLK
        21.551294 network latency uartUnit.fifoTX._138_/CLK
---------------
20.849686 21.551294 latency
        0.701609 skew



===========================================================================
report_clock_min_period
============================================================================
clk period_min = 0.00 fmax = inf
