
===========================================================================
report_checks -unconstrained
===========================================================================
======================= nom_tt_025C_1v80 Corner ===================================

Startpoint: i_uartRx (input port clocked by clk)
Endpoint: uartUnit.fifoRX._147_ (rising edge-triggered flip-flop)
Path Group: unconstrained
Path Type: max

Fanout         Cap        Slew       Delay        Time   Description
---------------------------------------------------------------------------------------------
                                 20.000000   20.000000 ^ input external delay
     5    0.016110    0.078346    0.053417   20.053417 ^ i_uartRx (in)
                                                         i_uartRx (net)
                      0.078346    0.000000   20.053417 ^ uartUnit.uartRxUnit._093_/A (sky130_fd_sc_hd__and2_2)
     6    0.023417    0.130343    0.214264   20.267681 ^ uartUnit.uartRxUnit._093_/X (sky130_fd_sc_hd__and2_2)
                                                         uartUnit.fifoRX.i_write_fifo (net)
                      0.130343    0.000130   20.267811 ^ uartUnit.fifoRX._067_/A (sky130_fd_sc_hd__inv_2)
     5    0.011721    0.048625    0.066780   20.334591 v uartUnit.fifoRX._067_/Y (sky130_fd_sc_hd__inv_2)
                                                         uartUnit.fifoRX._044_ (net)
                      0.048625    0.000020   20.334612 v uartUnit.fifoRX._086_/D (sky130_fd_sc_hd__or4_2)
     8    0.037847    0.207519    0.704144   21.038755 v uartUnit.fifoRX._086_/X (sky130_fd_sc_hd__or4_2)
                                                         uartUnit.fifoRX._047_ (net)
                      0.207519    0.000478   21.039232 v uartUnit.fifoRX._090_/S (sky130_fd_sc_hd__mux2_1)
     1    0.001879    0.051430    0.354468   21.393702 v uartUnit.fifoRX._090_/X (sky130_fd_sc_hd__mux2_1)
                                                         uartUnit.fifoRX._013_ (net)
                      0.051430    0.000002   21.393703 v uartUnit.fifoRX._147_/D (sky130_fd_sc_hd__dfxtp_2)
                                             21.393703   data arrival time
---------------------------------------------------------------------------------------------
(Path is unconstrained)




===========================================================================
report_checks --slack_max -0.01
============================================================================
======================= nom_tt_025C_1v80 Corner ===================================

No paths found.


===========================================================================
 report_check_types -max_slew -max_cap -max_fanout -violators
============================================================================
======================= nom_tt_025C_1v80 Corner ===================================

max slew

Pin                                        Limit        Slew       Slack
------------------------------------------------------------------------
alu_uart_interfaceUnit._219_/CLK        0.750000    1.809392   -1.059392 (VIOLATED)
alu_uart_interfaceUnit._220_/CLK        0.750000    1.809393   -1.059393 (VIOLATED)
alu_uart_interfaceUnit._221_/CLK        0.750000    1.809393   -1.059393 (VIOLATED)
alu_uart_interfaceUnit._222_/CLK        0.750000    1.809393   -1.059393 (VIOLATED)
uartUnit.fifoTX._138_/CLK               0.750000    1.809392   -1.059392 (VIOLATED)
uartUnit.fifoTX._145_/CLK               0.750000    1.809391   -1.059391 (VIOLATED)
uartUnit.fifoTX._146_/CLK               0.750000    1.809392   -1.059392 (VIOLATED)
uartUnit.fifoTX._154_/CLK               0.750000    1.809392   -1.059392 (VIOLATED)
uartUnit.fifoTX._170_/CLK               0.750000    1.809392   -1.059392 (VIOLATED)
alu_uart_interfaceUnit._223_/CLK        0.750000    1.809391   -1.059391 (VIOLATED)
uartUnit.fifoTX._153_/CLK               0.750000    1.809390   -1.059390 (VIOLATED)
uartUnit.fifoTX._169_/CLK               0.750000    1.809390   -1.059390 (VIOLATED)
uartUnit.fifoTX._137_/CLK               0.750000    1.809389   -1.059389 (VIOLATED)
alu_uart_interfaceUnit._218_/CLK        0.750000    1.809386   -1.059386 (VIOLATED)
alu_uart_interfaceUnit._224_/CLK        0.750000    1.809386   -1.059386 (VIOLATED)
uartUnit.fifoTX._136_/CLK               0.750000    1.809384   -1.059384 (VIOLATED)
uartUnit.fifoTX._144_/CLK               0.750000    1.809381   -1.059381 (VIOLATED)
uartUnit.fifoTX._152_/CLK               0.750000    1.809381   -1.059381 (VIOLATED)
uartUnit.fifoTX._168_/CLK               0.750000    1.809381   -1.059381 (VIOLATED)
uartUnit.fifoTX._139_/CLK               0.750000    1.809379   -1.059379 (VIOLATED)
uartUnit.fifoTX._147_/CLK               0.750000    1.809379   -1.059379 (VIOLATED)
uartUnit.fifoTX._155_/CLK               0.750000    1.809379   -1.059379 (VIOLATED)
uartUnit.fifoTX._171_/CLK               0.750000    1.809379   -1.059379 (VIOLATED)
uartUnit.fifoTX._140_/CLK               0.750000    1.809377   -1.059377 (VIOLATED)
uartUnit.fifoTX._141_/CLK               0.750000    1.809378   -1.059378 (VIOLATED)
uartUnit.fifoTX._148_/CLK               0.750000    1.809377   -1.059378 (VIOLATED)
uartUnit.fifoTX._149_/CLK               0.750000    1.809378   -1.059378 (VIOLATED)
uartUnit.fifoTX._156_/CLK               0.750000    1.809377   -1.059378 (VIOLATED)
uartUnit.fifoTX._157_/CLK               0.750000    1.809377   -1.059377 (VIOLATED)
uartUnit.fifoTX._172_/CLK               0.750000    1.809377   -1.059377 (VIOLATED)
uartUnit.fifoTX._173_/CLK               0.750000    1.809377   -1.059377 (VIOLATED)
uartUnit.fifoTX._142_/CLK               0.750000    1.809376   -1.059376 (VIOLATED)
uartUnit.fifoTX._150_/CLK               0.750000    1.809376   -1.059376 (VIOLATED)
uartUnit.fifoTX._158_/CLK               0.750000    1.809376   -1.059376 (VIOLATED)
uartUnit.fifoTX._174_/CLK               0.750000    1.809376   -1.059376 (VIOLATED)
uartUnit.uartTxUnit._172_/CLK           0.750000    1.809374   -1.059374 (VIOLATED)
uartUnit.uartTxUnit._170_/CLK           0.750000    1.809371   -1.059371 (VIOLATED)
uartUnit.uartTxUnit._171_/CLK           0.750000    1.809371   -1.059371 (VIOLATED)
uartUnit.uartTxUnit._173_/CLK           0.750000    1.809372   -1.059372 (VIOLATED)
alu_uart_interfaceUnit._210_/CLK        0.750000    1.809370   -1.059370 (VIOLATED)
alu_uart_interfaceUnit._211_/CLK        0.750000    1.809370   -1.059370 (VIOLATED)
alu_uart_interfaceUnit._212_/CLK        0.750000    1.809370   -1.059370 (VIOLATED)
uartUnit.uartTxUnit._159_/CLK           0.750000    1.809369   -1.059370 (VIOLATED)
uartUnit.uartTxUnit._167_/CLK           0.750000    1.809370   -1.059370 (VIOLATED)
uartUnit.uartTxUnit._168_/CLK           0.750000    1.809370   -1.059370 (VIOLATED)
uartUnit.uartTxUnit._169_/CLK           0.750000    1.809371   -1.059371 (VIOLATED)
uartUnit.fifoRX._136_/CLK               0.750000    1.809369   -1.059369 (VIOLATED)
uartUnit.fifoRX._144_/CLK               0.750000    1.809369   -1.059370 (VIOLATED)
uartUnit.fifoRX._152_/CLK               0.750000    1.809369   -1.059370 (VIOLATED)
uartUnit.fifoRX._168_/CLK               0.750000    1.809369   -1.059369 (VIOLATED)
uartUnit.fifoRX._146_/CLK               0.750000    1.809368   -1.059368 (VIOLATED)
uartUnit.fifoRX._154_/CLK               0.750000    1.809368   -1.059368 (VIOLATED)
uartUnit.uartTxUnit._166_/CLK           0.750000    1.809368   -1.059368 (VIOLATED)
alu_uart_interfaceUnit._202_/CLK        0.750000    1.809366   -1.059366 (VIOLATED)
alu_uart_interfaceUnit._203_/CLK        0.750000    1.809366   -1.059366 (VIOLATED)
alu_uart_interfaceUnit._204_/CLK        0.750000    1.809367   -1.059367 (VIOLATED)
alu_uart_interfaceUnit._205_/CLK        0.750000    1.809367   -1.059367 (VIOLATED)
alu_uart_interfaceUnit._213_/CLK        0.750000    1.809367   -1.059367 (VIOLATED)
alu_uart_interfaceUnit._196_/CLK        0.750000    1.809365   -1.059365 (VIOLATED)
uartUnit.fifoRX._138_/CLK               0.750000    1.809366   -1.059366 (VIOLATED)
uartUnit.fifoRX._170_/CLK               0.750000    1.809366   -1.059366 (VIOLATED)
uartUnit.uartTxUnit._160_/CLK           0.750000    1.809367   -1.059367 (VIOLATED)
alu_uart_interfaceUnit._197_/CLK        0.750000    1.809365   -1.059365 (VIOLATED)
alu_uart_interfaceUnit._198_/CLK        0.750000    1.809364   -1.059364 (VIOLATED)
alu_uart_interfaceUnit._199_/CLK        0.750000    1.809364   -1.059364 (VIOLATED)
alu_uart_interfaceUnit._200_/CLK        0.750000    1.809363   -1.059363 (VIOLATED)
uartUnit.fifoRX._147_/CLK               0.750000    1.809364   -1.059364 (VIOLATED)
alu_uart_interfaceUnit._201_/CLK        0.750000    1.809362   -1.059362 (VIOLATED)
uartUnit.fifoRX._137_/CLK               0.750000    1.809363   -1.059363 (VIOLATED)
uartUnit.fifoRX._145_/CLK               0.750000    1.809363   -1.059363 (VIOLATED)
uartUnit.fifoRX._153_/CLK               0.750000    1.809363   -1.059363 (VIOLATED)
uartUnit.fifoRX._155_/CLK               0.750000    1.809363   -1.059363 (VIOLATED)
uartUnit.fifoRX._169_/CLK               0.750000    1.809363   -1.059363 (VIOLATED)
alu_uart_interfaceUnit._214_/CLK        0.750000    1.809361   -1.059361 (VIOLATED)
uartUnit.fifoRX._139_/CLK               0.750000    1.809362   -1.059362 (VIOLATED)
uartUnit.fifoRX._171_/CLK               0.750000    1.809361   -1.059361 (VIOLATED)
uartUnit.uartRxUnit._148_/CLK           0.750000    1.809362   -1.059362 (VIOLATED)
uartUnit.uartRxUnit._149_/CLK           0.750000    1.809362   -1.059362 (VIOLATED)
uartUnit.uartRxUnit._150_/CLK           0.750000    1.809361   -1.059361 (VIOLATED)
uartUnit.uartRxUnit._151_/CLK           0.750000    1.809361   -1.059361 (VIOLATED)
alu_uart_interfaceUnit._215_/CLK        0.750000    1.809359   -1.059359 (VIOLATED)
uartUnit.fifoRX._148_/CLK               0.750000    1.809359   -1.059359 (VIOLATED)
uartUnit.fifoRX._140_/CLK               0.750000    1.809358   -1.059358 (VIOLATED)
uartUnit.fifoRX._156_/CLK               0.750000    1.809359   -1.059359 (VIOLATED)
uartUnit.fifoRX._172_/CLK               0.750000    1.809358   -1.059358 (VIOLATED)
alu_uart_interfaceUnit._189_/CLK        0.750000    1.809357   -1.059357 (VIOLATED)
uartUnit.uartTxUnit._161_/CLK           0.750000    1.809356   -1.059357 (VIOLATED)
alu_uart_interfaceUnit._191_/CLK        0.750000    1.809355   -1.059355 (VIOLATED)
alu_uart_interfaceUnit._206_/CLK        0.750000    1.809354   -1.059354 (VIOLATED)
alu_uart_interfaceUnit._207_/CLK        0.750000    1.809353   -1.059353 (VIOLATED)
uartUnit.fifoRX._141_/CLK               0.750000    1.809354   -1.059354 (VIOLATED)
uartUnit.fifoRX._149_/CLK               0.750000    1.809355   -1.059355 (VIOLATED)
uartUnit.fifoRX._157_/CLK               0.750000    1.809355   -1.059355 (VIOLATED)
uartUnit.fifoRX._173_/CLK               0.750000    1.809354   -1.059354 (VIOLATED)
uartUnit.uartTxUnit._162_/CLK           0.750000    1.809355   -1.059355 (VIOLATED)
alu_uart_interfaceUnit._188_/CLK        0.750000    1.809352   -1.059352 (VIOLATED)
alu_uart_interfaceUnit._208_/CLK        0.750000    1.809353   -1.059353 (VIOLATED)
alu_uart_interfaceUnit._209_/CLK        0.750000    1.809353   -1.059353 (VIOLATED)
alu_uart_interfaceUnit._216_/CLK        0.750000    1.809352   -1.059352 (VIOLATED)
alu_uart_interfaceUnit._217_/CLK        0.750000    1.809353   -1.059353 (VIOLATED)
uartUnit.fifoRX._150_/CLK               0.750000    1.809353   -1.059353 (VIOLATED)
alu_uart_interfaceUnit._193_/CLK        0.750000    1.809351   -1.059351 (VIOLATED)
uartUnit.fifoRX._143_/CLK               0.750000    1.809351   -1.059351 (VIOLATED)
uartUnit.fifoRX._151_/CLK               0.750000    1.809352   -1.059352 (VIOLATED)
uartUnit.fifoRX._158_/CLK               0.750000    1.809353   -1.059353 (VIOLATED)
uartUnit.uartRxUnit._152_/CLK           0.750000    1.809354   -1.059354 (VIOLATED)
uartUnit.uartRxUnit._153_/CLK           0.750000    1.809354   -1.059354 (VIOLATED)
uartUnit.fifoRX._159_/CLK               0.750000    1.809353   -1.059353 (VIOLATED)
uartUnit.uartRxUnit._154_/CLK           0.750000    1.809353   -1.059353 (VIOLATED)
uartUnit.uartRxUnit._155_/CLK           0.750000    1.809353   -1.059353 (VIOLATED)
uartUnit.fifoRX._174_/CLK               0.750000    1.809351   -1.059351 (VIOLATED)
uartUnit.fifoRX._142_/CLK               0.750000    1.809350   -1.059350 (VIOLATED)
uartUnit.fifoRX._175_/CLK               0.750000    1.809350   -1.059350 (VIOLATED)
alu_uart_interfaceUnit._190_/CLK        0.750000    1.809347   -1.059347 (VIOLATED)
alu_uart_interfaceUnit._192_/CLK        0.750000    1.809347   -1.059347 (VIOLATED)
alu_uart_interfaceUnit._194_/CLK        0.750000    1.809347   -1.059347 (VIOLATED)
alu_uart_interfaceUnit._195_/CLK        0.750000    1.809347   -1.059347 (VIOLATED)
alu_uart_interfaceUnit._225_/CLK        0.750000    1.809347   -1.059347 (VIOLATED)
uartUnit.fifoRX._162_/CLK               0.750000    1.809346   -1.059346 (VIOLATED)
uartUnit.fifoRX._166_/CLK               0.750000    1.809347   -1.059347 (VIOLATED)
uartUnit.fifoRX._167_/CLK               0.750000    1.809347   -1.059347 (VIOLATED)
uartUnit.fifoTX._163_/CLK               0.750000    1.809347   -1.059347 (VIOLATED)
uartUnit.fifoTX._166_/CLK               0.750000    1.809348   -1.059348 (VIOLATED)
uartUnit.fifoTX._167_/CLK               0.750000    1.809347   -1.059347 (VIOLATED)
uartUnit.uartTxUnit._155_/CLK           0.750000    1.809348   -1.059348 (VIOLATED)
uartUnit.uartTxUnit._157_/CLK           0.750000    1.809348   -1.059348 (VIOLATED)
uartUnit.fifoTX._143_/CLK               0.750000    1.809346   -1.059346 (VIOLATED)
uartUnit.fifoTX._151_/CLK               0.750000    1.809346   -1.059346 (VIOLATED)
uartUnit.fifoTX._159_/CLK               0.750000    1.809346   -1.059346 (VIOLATED)
uartUnit.fifoTX._162_/CLK               0.750000    1.809347   -1.059347 (VIOLATED)
uartUnit.uartTxUnit._156_/CLK           0.750000    1.809346   -1.059346 (VIOLATED)
uartUnit.uartTxUnit._174_/CLK           0.750000    1.809346   -1.059346 (VIOLATED)
uartUnit.fifoTX._160_/CLK               0.750000    1.809345   -1.059345 (VIOLATED)
uartUnit.fifoTX._161_/CLK               0.750000    1.809345   -1.059345 (VIOLATED)
uartUnit.fifoTX._175_/CLK               0.750000    1.809346   -1.059346 (VIOLATED)
uartUnit.uartRxUnit._138_/CLK           0.750000    1.809346   -1.059346 (VIOLATED)
uartUnit.uartRxUnit._139_/CLK           0.750000    1.809346   -1.059346 (VIOLATED)
uartUnit.fifoRX._160_/CLK               0.750000    1.809344   -1.059344 (VIOLATED)
uartUnit.fifoRX._161_/CLK               0.750000    1.809343   -1.059343 (VIOLATED)
uartUnit.fifoRX._163_/CLK               0.750000    1.809343   -1.059343 (VIOLATED)
uartUnit.fifoTX._164_/CLK               0.750000    1.809343   -1.059343 (VIOLATED)
uartUnit.fifoTX._165_/CLK               0.750000    1.809343   -1.059343 (VIOLATED)
uartUnit.uartRxUnit._145_/CLK           0.750000    1.809342   -1.059342 (VIOLATED)
uartUnit.uartRxUnit._146_/CLK           0.750000    1.809341   -1.059341 (VIOLATED)
uartUnit.uartRxUnit._147_/CLK           0.750000    1.809341   -1.059341 (VIOLATED)
uartUnit.uartTxUnit._158_/CLK           0.750000    1.809342   -1.059342 (VIOLATED)
uartUnit.uartTxUnit._163_/CLK           0.750000    1.809337   -1.059337 (VIOLATED)
uartUnit.uartTxUnit._164_/CLK           0.750000    1.809335   -1.059335 (VIOLATED)
uartUnit.uartTxUnit._165_/CLK           0.750000    1.809334   -1.059334 (VIOLATED)
uartUnit.fifoRX._164_/CLK               0.750000    1.809332   -1.059332 (VIOLATED)
uartUnit.fifoRX._165_/CLK               0.750000    1.809330   -1.059330 (VIOLATED)
uartUnit.baud_rateUnit._63_/CLK         0.750000    1.809324   -1.059324 (VIOLATED)
uartUnit.baud_rateUnit._64_/CLK         0.750000    1.809323   -1.059323 (VIOLATED)
uartUnit.uartRxUnit._144_/CLK           0.750000    1.809322   -1.059322 (VIOLATED)
uartUnit.baud_rateUnit._61_/CLK         0.750000    1.809316   -1.059316 (VIOLATED)
uartUnit.baud_rateUnit._62_/CLK         0.750000    1.809316   -1.059316 (VIOLATED)
uartUnit.baud_rateUnit._65_/CLK         0.750000    1.809316   -1.059316 (VIOLATED)
uartUnit.uartRxUnit._137_/CLK           0.750000    1.809316   -1.059316 (VIOLATED)
uartUnit.uartRxUnit._140_/CLK           0.750000    1.809316   -1.059316 (VIOLATED)
uartUnit.uartRxUnit._141_/CLK           0.750000    1.809315   -1.059315 (VIOLATED)
uartUnit.uartRxUnit._142_/CLK           0.750000    1.809316   -1.059316 (VIOLATED)
uartUnit.uartRxUnit._143_/CLK           0.750000    1.809315   -1.059315 (VIOLATED)
uartUnit.baud_rateUnit._66_/CLK         0.750000    1.809313   -1.059313 (VIOLATED)
uartUnit.baud_rateUnit._68_/CLK         0.750000    1.809311   -1.059311 (VIOLATED)
uartUnit.baud_rateUnit._69_/CLK         0.750000    1.809310   -1.059310 (VIOLATED)
i_clk                                   0.750000    1.809308   -1.059308 (VIOLATED)
uartUnit.baud_rateUnit._67_/CLK         0.750000    1.809308   -1.059308 (VIOLATED)
aluUnit._165_/Y                         0.750000    1.028646   -0.278646 (VIOLATED)
aluUnit._167_/A1                        0.750000    1.028646   -0.278646 (VIOLATED)
aluUnit._168_/A2                        0.750000    1.028646   -0.278646 (VIOLATED)
aluUnit._171_/B                         0.750000    1.028646   -0.278646 (VIOLATED)
aluUnit._180_/A1                        0.750000    1.028646   -0.278646 (VIOLATED)
aluUnit._183_/B                         0.750000    1.028646   -0.278646 (VIOLATED)
aluUnit._219_/A2                        0.750000    1.028646   -0.278646 (VIOLATED)
aluUnit._220_/A2                        0.750000    1.028646   -0.278646 (VIOLATED)
aluUnit._222_/A                         0.750000    1.028646   -0.278646 (VIOLATED)
aluUnit._241_/A                         0.750000    1.028646   -0.278646 (VIOLATED)
aluUnit._259_/A2                        0.750000    1.028646   -0.278646 (VIOLATED)
uartUnit.baud_rateUnit._36_/Y           0.750000    0.929469   -0.179469 (VIOLATED)
uartUnit.uartRxUnit._072_/A             0.750000    0.929469   -0.179469 (VIOLATED)
uartUnit.uartRxUnit._079_/A1            0.750000    0.929469   -0.179469 (VIOLATED)
uartUnit.uartRxUnit._084_/A_N           0.750000    0.929469   -0.179469 (VIOLATED)
uartUnit.uartRxUnit._087_/A1            0.750000    0.929469   -0.179469 (VIOLATED)
uartUnit.uartRxUnit._089_/A1            0.750000    0.929469   -0.179469 (VIOLATED)
uartUnit.uartRxUnit._091_/B             0.750000    0.929469   -0.179469 (VIOLATED)
uartUnit.uartRxUnit._112_/A1            0.750000    0.929469   -0.179469 (VIOLATED)
uartUnit.uartTxUnit._079_/A             0.750000    0.929469   -0.179469 (VIOLATED)
uartUnit.uartTxUnit._083_/A             0.750000    0.929469   -0.179469 (VIOLATED)
uartUnit.uartTxUnit._084_/A             0.750000    0.929469   -0.179469 (VIOLATED)
uartUnit.uartTxUnit._085_/A             0.750000    0.929469   -0.179469 (VIOLATED)
uartUnit.uartTxUnit._086_/A1            0.750000    0.929469   -0.179469 (VIOLATED)
uartUnit.uartTxUnit._091_/A1            0.750000    0.929469   -0.179469 (VIOLATED)
uartUnit.uartTxUnit._096_/B             0.750000    0.929469   -0.179469 (VIOLATED)
uartUnit.uartTxUnit._101_/A             0.750000    0.929469   -0.179469 (VIOLATED)
uartUnit.uartTxUnit._116_/A1_N          0.750000    0.929469   -0.179469 (VIOLATED)

max fanout

Pin                                   Limit Fanout  Slack
---------------------------------------------------------
i_clk                                    10    166   -156 (VIOLATED)
alu_uart_interfaceUnit._096_/Y           10     35    -25 (VIOLATED)
i_reset                                  10     28    -18 (VIOLATED)
alu_uart_interfaceUnit._211_/Q           10     25    -15 (VIOLATED)
alu_uart_interfaceUnit._210_/Q           10     22    -12 (VIOLATED)
alu_uart_interfaceUnit._212_/Q           10     22    -12 (VIOLATED)
uartUnit.uartTxUnit._086_/X              10     18     -8 (VIOLATED)
uartUnit.fifoRX._167_/Q                  10     17     -7 (VIOLATED)
uartUnit.baud_rateUnit._36_/Y            10     16     -6 (VIOLATED)
uartUnit.uartRxUnit._071_/Y              10     15     -5 (VIOLATED)
uartUnit.uartTxUnit._156_/Q              10     15     -5 (VIOLATED)
alu_uart_interfaceUnit._213_/Q           10     14     -4 (VIOLATED)
uartUnit.uartTxUnit._081_/Y              10     14     -4 (VIOLATED)
uartUnit.uartTxUnit._101_/Y              10     13     -3 (VIOLATED)
alu_uart_interfaceUnit._204_/Q           10     11        (VIOLATED)
alu_uart_interfaceUnit._205_/Q           10     11        (VIOLATED)

max capacitance

Pin                                        Limit         Cap       Slack
------------------------------------------------------------------------
i_clk                                   0.200000    0.406340   -0.206340 (VIOLATED)



===========================================================================
report_parasitic_annotation -report_unannotated
============================================================================
Found 0 unannotated drivers.
Found 0 partially unannotated drivers.

===========================================================================
max slew violation count 195
Writing metric design__max_slew_violation__count__corner:nom_tt_025C_1v80: 195
max fanout violation count 16
Writing metric design__max_fanout_violation__count__corner:nom_tt_025C_1v80: 16
max cap violation count 1
Writing metric design__max_cap_violation__count__corner:nom_tt_025C_1v80: 1
============================================================================

===========================================================================
check_setup -verbose -unconstrained_endpoints -multiple_clock -no_clock -no_input_delay -loops -generated_clocks
===========================================================================
Warning: There are 166 unclocked register/latch pins.
  alu_uart_interfaceUnit._188_/CLK
  alu_uart_interfaceUnit._189_/CLK
  alu_uart_interfaceUnit._190_/CLK
  alu_uart_interfaceUnit._191_/CLK
  alu_uart_interfaceUnit._192_/CLK
  alu_uart_interfaceUnit._193_/CLK
  alu_uart_interfaceUnit._194_/CLK
  alu_uart_interfaceUnit._195_/CLK
  alu_uart_interfaceUnit._196_/CLK
  alu_uart_interfaceUnit._197_/CLK
  alu_uart_interfaceUnit._198_/CLK
  alu_uart_interfaceUnit._199_/CLK
  alu_uart_interfaceUnit._200_/CLK
  alu_uart_interfaceUnit._201_/CLK
  alu_uart_interfaceUnit._202_/CLK
  alu_uart_interfaceUnit._203_/CLK
  alu_uart_interfaceUnit._204_/CLK
  alu_uart_interfaceUnit._205_/CLK
  alu_uart_interfaceUnit._206_/CLK
  alu_uart_interfaceUnit._207_/CLK
  alu_uart_interfaceUnit._208_/CLK
  alu_uart_interfaceUnit._209_/CLK
  alu_uart_interfaceUnit._210_/CLK
  alu_uart_interfaceUnit._211_/CLK
  alu_uart_interfaceUnit._212_/CLK
  alu_uart_interfaceUnit._213_/CLK
  alu_uart_interfaceUnit._214_/CLK
  alu_uart_interfaceUnit._215_/CLK
  alu_uart_interfaceUnit._216_/CLK
  alu_uart_interfaceUnit._217_/CLK
  alu_uart_interfaceUnit._218_/CLK
  alu_uart_interfaceUnit._219_/CLK
  alu_uart_interfaceUnit._220_/CLK
  alu_uart_interfaceUnit._221_/CLK
  alu_uart_interfaceUnit._222_/CLK
  alu_uart_interfaceUnit._223_/CLK
  alu_uart_interfaceUnit._224_/CLK
  alu_uart_interfaceUnit._225_/CLK
  uartUnit.baud_rateUnit._61_/CLK
  uartUnit.baud_rateUnit._62_/CLK
  uartUnit.baud_rateUnit._63_/CLK
  uartUnit.baud_rateUnit._64_/CLK
  uartUnit.baud_rateUnit._65_/CLK
  uartUnit.baud_rateUnit._66_/CLK
  uartUnit.baud_rateUnit._67_/CLK
  uartUnit.baud_rateUnit._68_/CLK
  uartUnit.baud_rateUnit._69_/CLK
  uartUnit.fifoRX._136_/CLK
  uartUnit.fifoRX._137_/CLK
  uartUnit.fifoRX._138_/CLK
  uartUnit.fifoRX._139_/CLK
  uartUnit.fifoRX._140_/CLK
  uartUnit.fifoRX._141_/CLK
  uartUnit.fifoRX._142_/CLK
  uartUnit.fifoRX._143_/CLK
  uartUnit.fifoRX._144_/CLK
  uartUnit.fifoRX._145_/CLK
  uartUnit.fifoRX._146_/CLK
  uartUnit.fifoRX._147_/CLK
  uartUnit.fifoRX._148_/CLK
  uartUnit.fifoRX._149_/CLK
  uartUnit.fifoRX._150_/CLK
  uartUnit.fifoRX._151_/CLK
  uartUnit.fifoRX._152_/CLK
  uartUnit.fifoRX._153_/CLK
  uartUnit.fifoRX._154_/CLK
  uartUnit.fifoRX._155_/CLK
  uartUnit.fifoRX._156_/CLK
  uartUnit.fifoRX._157_/CLK
  uartUnit.fifoRX._158_/CLK
  uartUnit.fifoRX._159_/CLK
  uartUnit.fifoRX._160_/CLK
  uartUnit.fifoRX._161_/CLK
  uartUnit.fifoRX._162_/CLK
  uartUnit.fifoRX._163_/CLK
  uartUnit.fifoRX._164_/CLK
  uartUnit.fifoRX._165_/CLK
  uartUnit.fifoRX._166_/CLK
  uartUnit.fifoRX._167_/CLK
  uartUnit.fifoRX._168_/CLK
  uartUnit.fifoRX._169_/CLK
  uartUnit.fifoRX._170_/CLK
  uartUnit.fifoRX._171_/CLK
  uartUnit.fifoRX._172_/CLK
  uartUnit.fifoRX._173_/CLK
  uartUnit.fifoRX._174_/CLK
  uartUnit.fifoRX._175_/CLK
  uartUnit.fifoTX._136_/CLK
  uartUnit.fifoTX._137_/CLK
  uartUnit.fifoTX._138_/CLK
  uartUnit.fifoTX._139_/CLK
  uartUnit.fifoTX._140_/CLK
  uartUnit.fifoTX._141_/CLK
  uartUnit.fifoTX._142_/CLK
  uartUnit.fifoTX._143_/CLK
  uartUnit.fifoTX._144_/CLK
  uartUnit.fifoTX._145_/CLK
  uartUnit.fifoTX._146_/CLK
  uartUnit.fifoTX._147_/CLK
  uartUnit.fifoTX._148_/CLK
  uartUnit.fifoTX._149_/CLK
  uartUnit.fifoTX._150_/CLK
  uartUnit.fifoTX._151_/CLK
  uartUnit.fifoTX._152_/CLK
  uartUnit.fifoTX._153_/CLK
  uartUnit.fifoTX._154_/CLK
  uartUnit.fifoTX._155_/CLK
  uartUnit.fifoTX._156_/CLK
  uartUnit.fifoTX._157_/CLK
  uartUnit.fifoTX._158_/CLK
  uartUnit.fifoTX._159_/CLK
  uartUnit.fifoTX._160_/CLK
  uartUnit.fifoTX._161_/CLK
  uartUnit.fifoTX._162_/CLK
  uartUnit.fifoTX._163_/CLK
  uartUnit.fifoTX._164_/CLK
  uartUnit.fifoTX._165_/CLK
  uartUnit.fifoTX._166_/CLK
  uartUnit.fifoTX._167_/CLK
  uartUnit.fifoTX._168_/CLK
  uartUnit.fifoTX._169_/CLK
  uartUnit.fifoTX._170_/CLK
  uartUnit.fifoTX._171_/CLK
  uartUnit.fifoTX._172_/CLK
  uartUnit.fifoTX._173_/CLK
  uartUnit.fifoTX._174_/CLK
  uartUnit.fifoTX._175_/CLK
  uartUnit.uartRxUnit._137_/CLK
  uartUnit.uartRxUnit._138_/CLK
  uartUnit.uartRxUnit._139_/CLK
  uartUnit.uartRxUnit._140_/CLK
  uartUnit.uartRxUnit._141_/CLK
  uartUnit.uartRxUnit._142_/CLK
  uartUnit.uartRxUnit._143_/CLK
  uartUnit.uartRxUnit._144_/CLK
  uartUnit.uartRxUnit._145_/CLK
  uartUnit.uartRxUnit._146_/CLK
  uartUnit.uartRxUnit._147_/CLK
  uartUnit.uartRxUnit._148_/CLK
  uartUnit.uartRxUnit._149_/CLK
  uartUnit.uartRxUnit._150_/CLK
  uartUnit.uartRxUnit._151_/CLK
  uartUnit.uartRxUnit._152_/CLK
  uartUnit.uartRxUnit._153_/CLK
  uartUnit.uartRxUnit._154_/CLK
  uartUnit.uartRxUnit._155_/CLK
  uartUnit.uartTxUnit._155_/CLK
  uartUnit.uartTxUnit._156_/CLK
  uartUnit.uartTxUnit._157_/CLK
  uartUnit.uartTxUnit._158_/CLK
  uartUnit.uartTxUnit._159_/CLK
  uartUnit.uartTxUnit._160_/CLK
  uartUnit.uartTxUnit._161_/CLK
  uartUnit.uartTxUnit._162_/CLK
  uartUnit.uartTxUnit._163_/CLK
  uartUnit.uartTxUnit._164_/CLK
  uartUnit.uartTxUnit._165_/CLK
  uartUnit.uartTxUnit._166_/CLK
  uartUnit.uartTxUnit._167_/CLK
  uartUnit.uartTxUnit._168_/CLK
  uartUnit.uartTxUnit._169_/CLK
  uartUnit.uartTxUnit._170_/CLK
  uartUnit.uartTxUnit._171_/CLK
  uartUnit.uartTxUnit._172_/CLK
  uartUnit.uartTxUnit._173_/CLK
  uartUnit.uartTxUnit._174_/CLK
Warning: There are 167 unconstrained endpoints.
  o_uartTx
  alu_uart_interfaceUnit._188_/D
  alu_uart_interfaceUnit._189_/D
  alu_uart_interfaceUnit._190_/D
  alu_uart_interfaceUnit._191_/D
  alu_uart_interfaceUnit._192_/D
  alu_uart_interfaceUnit._193_/D
  alu_uart_interfaceUnit._194_/D
  alu_uart_interfaceUnit._195_/D
  alu_uart_interfaceUnit._196_/D
  alu_uart_interfaceUnit._197_/D
  alu_uart_interfaceUnit._198_/D
  alu_uart_interfaceUnit._199_/D
  alu_uart_interfaceUnit._200_/D
  alu_uart_interfaceUnit._201_/D
  alu_uart_interfaceUnit._202_/D
  alu_uart_interfaceUnit._203_/D
  alu_uart_interfaceUnit._204_/D
  alu_uart_interfaceUnit._205_/D
  alu_uart_interfaceUnit._206_/D
  alu_uart_interfaceUnit._207_/D
  alu_uart_interfaceUnit._208_/D
  alu_uart_interfaceUnit._209_/D
  alu_uart_interfaceUnit._210_/D
  alu_uart_interfaceUnit._211_/D
  alu_uart_interfaceUnit._212_/D
  alu_uart_interfaceUnit._213_/D
  alu_uart_interfaceUnit._214_/D
  alu_uart_interfaceUnit._215_/D
  alu_uart_interfaceUnit._216_/D
  alu_uart_interfaceUnit._217_/D
  alu_uart_interfaceUnit._218_/D
  alu_uart_interfaceUnit._219_/D
  alu_uart_interfaceUnit._220_/D
  alu_uart_interfaceUnit._221_/D
  alu_uart_interfaceUnit._222_/D
  alu_uart_interfaceUnit._223_/D
  alu_uart_interfaceUnit._224_/D
  alu_uart_interfaceUnit._225_/D
  uartUnit.baud_rateUnit._61_/D
  uartUnit.baud_rateUnit._62_/D
  uartUnit.baud_rateUnit._63_/D
  uartUnit.baud_rateUnit._64_/D
  uartUnit.baud_rateUnit._65_/D
  uartUnit.baud_rateUnit._66_/D
  uartUnit.baud_rateUnit._67_/D
  uartUnit.baud_rateUnit._68_/D
  uartUnit.baud_rateUnit._69_/D
  uartUnit.fifoRX._136_/D
  uartUnit.fifoRX._137_/D
  uartUnit.fifoRX._138_/D
  uartUnit.fifoRX._139_/D
  uartUnit.fifoRX._140_/D
  uartUnit.fifoRX._141_/D
  uartUnit.fifoRX._142_/D
  uartUnit.fifoRX._143_/D
  uartUnit.fifoRX._144_/D
  uartUnit.fifoRX._145_/D
  uartUnit.fifoRX._146_/D
  uartUnit.fifoRX._147_/D
  uartUnit.fifoRX._148_/D
  uartUnit.fifoRX._149_/D
  uartUnit.fifoRX._150_/D
  uartUnit.fifoRX._151_/D
  uartUnit.fifoRX._152_/D
  uartUnit.fifoRX._153_/D
  uartUnit.fifoRX._154_/D
  uartUnit.fifoRX._155_/D
  uartUnit.fifoRX._156_/D
  uartUnit.fifoRX._157_/D
  uartUnit.fifoRX._158_/D
  uartUnit.fifoRX._159_/D
  uartUnit.fifoRX._160_/D
  uartUnit.fifoRX._161_/D
  uartUnit.fifoRX._162_/D
  uartUnit.fifoRX._163_/D
  uartUnit.fifoRX._164_/D
  uartUnit.fifoRX._165_/D
  uartUnit.fifoRX._166_/D
  uartUnit.fifoRX._167_/D
  uartUnit.fifoRX._168_/D
  uartUnit.fifoRX._169_/D
  uartUnit.fifoRX._170_/D
  uartUnit.fifoRX._171_/D
  uartUnit.fifoRX._172_/D
  uartUnit.fifoRX._173_/D
  uartUnit.fifoRX._174_/D
  uartUnit.fifoRX._175_/D
  uartUnit.fifoTX._136_/D
  uartUnit.fifoTX._137_/D
  uartUnit.fifoTX._138_/D
  uartUnit.fifoTX._139_/D
  uartUnit.fifoTX._140_/D
  uartUnit.fifoTX._141_/D
  uartUnit.fifoTX._142_/D
  uartUnit.fifoTX._143_/D
  uartUnit.fifoTX._144_/D
  uartUnit.fifoTX._145_/D
  uartUnit.fifoTX._146_/D
  uartUnit.fifoTX._147_/D
  uartUnit.fifoTX._148_/D
  uartUnit.fifoTX._149_/D
  uartUnit.fifoTX._150_/D
  uartUnit.fifoTX._151_/D
  uartUnit.fifoTX._152_/D
  uartUnit.fifoTX._153_/D
  uartUnit.fifoTX._154_/D
  uartUnit.fifoTX._155_/D
  uartUnit.fifoTX._156_/D
  uartUnit.fifoTX._157_/D
  uartUnit.fifoTX._158_/D
  uartUnit.fifoTX._159_/D
  uartUnit.fifoTX._160_/D
  uartUnit.fifoTX._161_/D
  uartUnit.fifoTX._162_/D
  uartUnit.fifoTX._163_/D
  uartUnit.fifoTX._164_/D
  uartUnit.fifoTX._165_/D
  uartUnit.fifoTX._166_/D
  uartUnit.fifoTX._167_/D
  uartUnit.fifoTX._168_/D
  uartUnit.fifoTX._169_/D
  uartUnit.fifoTX._170_/D
  uartUnit.fifoTX._171_/D
  uartUnit.fifoTX._172_/D
  uartUnit.fifoTX._173_/D
  uartUnit.fifoTX._174_/D
  uartUnit.fifoTX._175_/D
  uartUnit.uartRxUnit._137_/D
  uartUnit.uartRxUnit._138_/D
  uartUnit.uartRxUnit._139_/D
  uartUnit.uartRxUnit._140_/D
  uartUnit.uartRxUnit._141_/D
  uartUnit.uartRxUnit._142_/D
  uartUnit.uartRxUnit._143_/D
  uartUnit.uartRxUnit._144_/D
  uartUnit.uartRxUnit._145_/D
  uartUnit.uartRxUnit._146_/D
  uartUnit.uartRxUnit._147_/D
  uartUnit.uartRxUnit._148_/D
  uartUnit.uartRxUnit._149_/D
  uartUnit.uartRxUnit._150_/D
  uartUnit.uartRxUnit._151_/D
  uartUnit.uartRxUnit._152_/D
  uartUnit.uartRxUnit._153_/D
  uartUnit.uartRxUnit._154_/D
  uartUnit.uartRxUnit._155_/D
  uartUnit.uartTxUnit._155_/D
  uartUnit.uartTxUnit._156_/D
  uartUnit.uartTxUnit._157_/D
  uartUnit.uartTxUnit._158_/D
  uartUnit.uartTxUnit._159_/D
  uartUnit.uartTxUnit._160_/D
  uartUnit.uartTxUnit._161_/D
  uartUnit.uartTxUnit._162_/D
  uartUnit.uartTxUnit._163_/D
  uartUnit.uartTxUnit._164_/D
  uartUnit.uartTxUnit._165_/D
  uartUnit.uartTxUnit._166_/D
  uartUnit.uartTxUnit._167_/D
  uartUnit.uartTxUnit._168_/D
  uartUnit.uartTxUnit._169_/D
  uartUnit.uartTxUnit._170_/D
  uartUnit.uartTxUnit._171_/D
  uartUnit.uartTxUnit._172_/D
  uartUnit.uartTxUnit._173_/D
  uartUnit.uartTxUnit._174_/D
