Clock: clk
Sources: 
Generated: no
Virtual: yes
Propagated: no
Period: 100.000000

===========================================================================
report_clock_properties
============================================================================
Clock                   Period          Waveform
----------------------------------------------------
clk                 100.000000    0.000000 50.000000

===========================================================================
report_clock_latency
============================================================================
Clock clk
rise -> rise
    min     max
0.000000 0.000000 source latency
20.982630         network latency uartUnit.uartRxUnit._155_/CLK
        21.778736 network latency uartUnit.fifoTX._138_/CLK
---------------
20.982630 21.778736 latency
        0.796106 skew

rise -> fall
    min     max
0.000000 0.000000 source latency
20.867834         network latency uartUnit.uartRxUnit._155_/CLK
        21.589857 network latency uartUnit.fifoTX._138_/CLK
---------------
20.867834 21.589857 latency
        0.722023 skew



===========================================================================
report_clock_min_period
============================================================================
clk period_min = 0.00 fmax = inf
