Reading timing models for corner nom_tt_025C_1v80…
Reading timing library for the 'nom_tt_025C_1v80' corner at '/home/camila/.volare/volare/sky130/versions/0fe599b2afb6708d281543108caf8310912f54af/sky130A/libs.ref/sky130_fd_sc_hd/lib/sky130_fd_sc_hd__tt_025C_1v80.lib'…
Reading timing models for corner nom_ff_n40C_1v95…
Reading timing library for the 'nom_ff_n40C_1v95' corner at '/home/camila/.volare/volare/sky130/versions/0fe599b2afb6708d281543108caf8310912f54af/sky130A/libs.ref/sky130_fd_sc_hd/lib/sky130_fd_sc_hd__ff_n40C_1v95.lib'…
Reading timing models for corner nom_ss_100C_1v60…
Reading timing library for the 'nom_ss_100C_1v60' corner at '/home/camila/.volare/volare/sky130/versions/0fe599b2afb6708d281543108caf8310912f54af/sky130A/libs.ref/sky130_fd_sc_hd/lib/sky130_fd_sc_hd__ss_100C_1v60.lib'…
Reading OpenROAD database at '/home/camila/my_designs/unic-cass/unic-cass-ihp-uart-alu/constraints/runs/RUN_2025-09-09_21-56-49/27-openroad-globalplacement/top.odb'…
Reading design constraints file at '/nix/store/ss2cw3sxbrwwx9jl0rrppbw4kgcmgi2n-python3-3.11.9-env/lib/python3.11/site-packages/openlane/scripts/base.sdc'…
[WARNING STA-0366] port 'clk' not found.
[INFO] Using clock clk…
[INFO] Setting output delay to: 20
[INFO] Setting input delay to: 20
[WARNING STA-0366] port 'clk' not found.
[INFO] Setting load to: 0.033442
[INFO] Setting clock uncertainty to: 0.15
[INFO] Setting clock transition to: 0.1499999999999999944488848768742172978818416595458984375
[WARNING STA-0419] transition time can not be specified for virtual clocks.
[INFO] Setting timing derate to: 5%
[WARNING STA-0450] virtual clock clk can not be propagated.
[INFO] Setting RC values…
[INFO RSZ-0027] Inserted 3 input buffers.
[INFO RSZ-0028] Inserted 1 output buffers.
[INFO RSZ-0058] Using max wire length 5786um.
Iteration | Resized | Buffers | Nets repaired | Remaining
---------------------------------------------------------
        0 |       0 |       0 |             0 |       759
      100 |      59 |       0 |             0 |       659
      200 |     153 |       1 |             1 |       559
      300 |     225 |       1 |             1 |       459
      400 |     308 |       4 |             3 |       359
      500 |     393 |       7 |             5 |       259
      600 |     462 |       9 |             7 |       159
      700 |     558 |      16 |            11 |        59
    final |     642 |      59 |            20 |         0
---------------------------------------------------------
[INFO RSZ-0034] Found 4 slew violations.
[INFO RSZ-0035] Found 16 fanout violations.
[INFO RSZ-0038] Inserted 59 buffers in 20 nets.
[INFO RSZ-0039] Resized 642 instances.
Placement Analysis
---------------------------------
total displacement       2524.2 u
average displacement        2.2 u
max displacement           10.7 u
original HPWL           12791.6 u
legalized HPWL          15563.2 u
delta HPWL                   22 %

[INFO DPL-0020] Mirrored 270 instances
[INFO DPL-0021] HPWL before           15563.2 u
[INFO DPL-0022] HPWL after            15034.8 u
[INFO DPL-0023] HPWL delta               -3.4 %
[INFO] Setting RC values…
Setting global connections for newly added cells…
[INFO] Setting global connections...
Updating metrics…
Cell type report:                       Count       Area
  Fill cell                                98     367.85
  Tap cell                                255     319.06
  Timing Repair Buffer                     63     365.35
  Inverter                                 32     120.12
  Sequential cell                         166    3353.22
  Multi-Input combinational cell          554    4887.19
  Total                                  1168    9412.78
Writing OpenROAD database to '/home/camila/my_designs/unic-cass/unic-cass-ihp-uart-alu/constraints/runs/RUN_2025-09-09_21-56-49/31-openroad-repairdesignpostgpl/top.odb'…
Writing netlist to '/home/camila/my_designs/unic-cass/unic-cass-ihp-uart-alu/constraints/runs/RUN_2025-09-09_21-56-49/31-openroad-repairdesignpostgpl/top.nl.v'…
Writing powered netlist to '/home/camila/my_designs/unic-cass/unic-cass-ihp-uart-alu/constraints/runs/RUN_2025-09-09_21-56-49/31-openroad-repairdesignpostgpl/top.pnl.v'…
Writing layout to '/home/camila/my_designs/unic-cass/unic-cass-ihp-uart-alu/constraints/runs/RUN_2025-09-09_21-56-49/31-openroad-repairdesignpostgpl/top.def'…
Writing timing constraints to '/home/camila/my_designs/unic-cass/unic-cass-ihp-uart-alu/constraints/runs/RUN_2025-09-09_21-56-49/31-openroad-repairdesignpostgpl/top.sdc'…
