Reading OpenROAD database at '/home/camila/my_designs/unic-cass/unic-cass-ihp-uart-alu/constraints/runs/RUN_2025-09-09_21-56-49/15-odb-setpowerconnections/top.odb'…
Reading library file at '/home/camila/.volare/volare/sky130/versions/0fe599b2afb6708d281543108caf8310912f54af/sky130A/libs.ref/sky130_fd_sc_hd/lib/sky130_fd_sc_hd__tt_025C_1v80.lib'…
Reading design constraints file at '/nix/store/ss2cw3sxbrwwx9jl0rrppbw4kgcmgi2n-python3-3.11.9-env/lib/python3.11/site-packages/openlane/scripts/base.sdc'…
[WARNING STA-0366] port 'clk' not found.
[INFO] Using clock clk…
[INFO] Setting output delay to: 20
[INFO] Setting input delay to: 20
[WARNING STA-0366] port 'clk' not found.
[INFO] Setting load to: 0.033442
[INFO] Setting clock uncertainty to: 0.15
[INFO] Setting clock transition to: 0.1499999999999999944488848768742172978818416595458984375
[WARNING STA-0419] transition time can not be specified for virtual clocks.
[INFO] Setting timing derate to: 5%
[WARNING STA-0450] virtual clock clk can not be propagated.
Setting global connections for newly added cells…
[INFO] Setting global connections...
Updating metrics…
Cell type report:                       Count       Area
  Inverter                                 32     120.12
  Sequential cell                         166    3530.89
  Multi-Input combinational cell          554    5531.56
  Total                                   752    9182.56
Writing OpenROAD database to '/home/camila/my_designs/unic-cass/unic-cass-ihp-uart-alu/constraints/runs/RUN_2025-09-09_21-56-49/17-openroad-cutrows/top.odb'…
Writing layout to '/home/camila/my_designs/unic-cass/unic-cass-ihp-uart-alu/constraints/runs/RUN_2025-09-09_21-56-49/17-openroad-cutrows/top.def'…
