Reading OpenROAD database at '/home/camila/my_designs/unic-cass/unic-cass-ihp-uart-alu/constraints/runs/RUN_2025-09-09_21-56-49/34-openroad-cts/top.odb'…
Reading library file at '/home/camila/.volare/volare/sky130/versions/0fe599b2afb6708d281543108caf8310912f54af/sky130A/libs.ref/sky130_fd_sc_hd/lib/sky130_fd_sc_hd__tt_025C_1v80.lib'…
Reading design constraints file at '/nix/store/ss2cw3sxbrwwx9jl0rrppbw4kgcmgi2n-python3-3.11.9-env/lib/python3.11/site-packages/openlane/scripts/base.sdc'…
[WARNING STA-0366] port 'clk' not found.
[INFO] Using clock clk…
[INFO] Setting output delay to: 20
[INFO] Setting input delay to: 20
[WARNING STA-0366] port 'clk' not found.
[INFO] Setting load to: 0.033442
[INFO] Setting clock uncertainty to: 0.15
[INFO] Setting clock transition to: 0.1499999999999999944488848768742172978818416595458984375
[WARNING STA-0419] transition time can not be specified for virtual clocks.
[INFO] Setting timing derate to: 5%
[WARNING STA-0450] virtual clock clk can not be propagated.
[INFO] Setting RC values…
[WARNING GRT-0097] No global routing found for nets.
%OL_CREATE_REPORT min.rpt

===========================================================================
report_checks -path_delay min (Hold)
============================================================================
======================= nom_tt_025C_1v80 Corner ===================================

No paths found.

%OL_END_REPORT
%OL_CREATE_REPORT max.rpt

===========================================================================
report_checks -path_delay max (Setup)
============================================================================
======================= nom_tt_025C_1v80 Corner ===================================

No paths found.

%OL_END_REPORT
%OL_CREATE_REPORT checks.rpt

===========================================================================
report_checks -unconstrained
===========================================================================
======================= nom_tt_025C_1v80 Corner ===================================

Startpoint: i_uartRx (input port clocked by clk)
Endpoint: uartUnit.fifoRX._139_ (rising edge-triggered flip-flop)
Path Group: unconstrained
Path Type: max

Fanout         Cap        Slew       Delay        Time   Description
---------------------------------------------------------------------------------------------
                                 20.000000   20.000000 ^ input external delay
     1    0.002270    0.017493    0.008439   20.008440 ^ i_uartRx (in)
                                                         i_uartRx (net)
                      0.017493    0.000000   20.008440 ^ input3/A (sky130_fd_sc_hd__dlymetal6s2s_1)
     5    0.016258    0.179956    0.174397   20.182837 ^ input3/X (sky130_fd_sc_hd__dlymetal6s2s_1)
                                                         net3 (net)
                      0.179957    0.000199   20.183037 ^ uartUnit.uartRxUnit._093_/A (sky130_fd_sc_hd__and2_2)
     6    0.019579    0.112868    0.233914   20.416950 ^ uartUnit.uartRxUnit._093_/X (sky130_fd_sc_hd__and2_2)
                                                         uartUnit.fifoRX.i_write_fifo (net)
                      0.112868    0.000115   20.417067 ^ uartUnit.fifoRX._067_/A (sky130_fd_sc_hd__inv_2)
     5    0.011059    0.043757    0.061053   20.478119 v uartUnit.fifoRX._067_/Y (sky130_fd_sc_hd__inv_2)
                                                         uartUnit.fifoRX._044_ (net)
                      0.043757    0.000007   20.478127 v uartUnit.fifoRX._076_/B (sky130_fd_sc_hd__nor2_1)
     4    0.011490    0.224049    0.188233   20.666359 ^ uartUnit.fifoRX._076_/Y (sky130_fd_sc_hd__nor2_1)
                                                         uartUnit.fifoRX._045_ (net)
                      0.224049    0.000043   20.666403 ^ uartUnit.fifoRX._077_/B (sky130_fd_sc_hd__and3b_4)
     8    0.039510    0.151998    0.319714   20.986116 ^ uartUnit.fifoRX._077_/X (sky130_fd_sc_hd__and3b_4)
                                                         uartUnit.fifoRX._046_ (net)
                      0.151998    0.000488   20.986605 ^ uartUnit.fifoRX._081_/S (sky130_fd_sc_hd__mux2_1)
     1    0.002731    0.054658    0.333371   21.319975 v uartUnit.fifoRX._081_/X (sky130_fd_sc_hd__mux2_1)
                                                         uartUnit.fifoRX._005_ (net)
                      0.054658    0.000014   21.319990 v uartUnit.fifoRX._139_/D (sky130_fd_sc_hd__dfxtp_1)
                                             21.319990   data arrival time
---------------------------------------------------------------------------------------------
(Path is unconstrained)




===========================================================================
report_checks --slack_max -0.01
============================================================================
======================= nom_tt_025C_1v80 Corner ===================================

No paths found.


===========================================================================
 report_check_types -max_slew -max_cap -max_fanout -violators
============================================================================
======================= nom_tt_025C_1v80 Corner ===================================



===========================================================================
report_parasitic_annotation -report_unannotated
============================================================================
Found 0 unannotated drivers.
Found 0 partially unannotated drivers.

===========================================================================
max slew violation count 0
Writing metric design__max_slew_violation__count__corner:nom_tt_025C_1v80: 0
max fanout violation count 0
Writing metric design__max_fanout_violation__count__corner:nom_tt_025C_1v80: 0
max cap violation count 0
Writing metric design__max_cap_violation__count__corner:nom_tt_025C_1v80: 0
============================================================================

===========================================================================
check_setup -verbose -unconstrained_endpoints -multiple_clock -no_clock -no_input_delay -loops -generated_clocks
===========================================================================
Warning: There are 166 unclocked register/latch pins.
  alu_uart_interfaceUnit._188_/CLK
  alu_uart_interfaceUnit._189_/CLK
  alu_uart_interfaceUnit._190_/CLK
  alu_uart_interfaceUnit._191_/CLK
  alu_uart_interfaceUnit._192_/CLK
  alu_uart_interfaceUnit._193_/CLK
  alu_uart_interfaceUnit._194_/CLK
  alu_uart_interfaceUnit._195_/CLK
  alu_uart_interfaceUnit._196_/CLK
  alu_uart_interfaceUnit._197_/CLK
  alu_uart_interfaceUnit._198_/CLK
  alu_uart_interfaceUnit._199_/CLK
  alu_uart_interfaceUnit._200_/CLK
  alu_uart_interfaceUnit._201_/CLK
  alu_uart_interfaceUnit._202_/CLK
  alu_uart_interfaceUnit._203_/CLK
  alu_uart_interfaceUnit._204_/CLK
  alu_uart_interfaceUnit._205_/CLK
  alu_uart_interfaceUnit._206_/CLK
  alu_uart_interfaceUnit._207_/CLK
  alu_uart_interfaceUnit._208_/CLK
  alu_uart_interfaceUnit._209_/CLK
  alu_uart_interfaceUnit._210_/CLK
  alu_uart_interfaceUnit._211_/CLK
  alu_uart_interfaceUnit._212_/CLK
  alu_uart_interfaceUnit._213_/CLK
  alu_uart_interfaceUnit._214_/CLK
  alu_uart_interfaceUnit._215_/CLK
  alu_uart_interfaceUnit._216_/CLK
  alu_uart_interfaceUnit._217_/CLK
  alu_uart_interfaceUnit._218_/CLK
  alu_uart_interfaceUnit._219_/CLK
  alu_uart_interfaceUnit._220_/CLK
  alu_uart_interfaceUnit._221_/CLK
  alu_uart_interfaceUnit._222_/CLK
  alu_uart_interfaceUnit._223_/CLK
  alu_uart_interfaceUnit._224_/CLK
  alu_uart_interfaceUnit._225_/CLK
  uartUnit.baud_rateUnit._61_/CLK
  uartUnit.baud_rateUnit._62_/CLK
  uartUnit.baud_rateUnit._63_/CLK
  uartUnit.baud_rateUnit._64_/CLK
  uartUnit.baud_rateUnit._65_/CLK
  uartUnit.baud_rateUnit._66_/CLK
  uartUnit.baud_rateUnit._67_/CLK
  uartUnit.baud_rateUnit._68_/CLK
  uartUnit.baud_rateUnit._69_/CLK
  uartUnit.fifoRX._136_/CLK
  uartUnit.fifoRX._137_/CLK
  uartUnit.fifoRX._138_/CLK
  uartUnit.fifoRX._139_/CLK
  uartUnit.fifoRX._140_/CLK
  uartUnit.fifoRX._141_/CLK
  uartUnit.fifoRX._142_/CLK
  uartUnit.fifoRX._143_/CLK
  uartUnit.fifoRX._144_/CLK
  uartUnit.fifoRX._145_/CLK
  uartUnit.fifoRX._146_/CLK
  uartUnit.fifoRX._147_/CLK
  uartUnit.fifoRX._148_/CLK
  uartUnit.fifoRX._149_/CLK
  uartUnit.fifoRX._150_/CLK
  uartUnit.fifoRX._151_/CLK
  uartUnit.fifoRX._152_/CLK
  uartUnit.fifoRX._153_/CLK
  uartUnit.fifoRX._154_/CLK
  uartUnit.fifoRX._155_/CLK
  uartUnit.fifoRX._156_/CLK
  uartUnit.fifoRX._157_/CLK
  uartUnit.fifoRX._158_/CLK
  uartUnit.fifoRX._159_/CLK
  uartUnit.fifoRX._160_/CLK
  uartUnit.fifoRX._161_/CLK
  uartUnit.fifoRX._162_/CLK
  uartUnit.fifoRX._163_/CLK
  uartUnit.fifoRX._164_/CLK
  uartUnit.fifoRX._165_/CLK
  uartUnit.fifoRX._166_/CLK
  uartUnit.fifoRX._167_/CLK
  uartUnit.fifoRX._168_/CLK
  uartUnit.fifoRX._169_/CLK
  uartUnit.fifoRX._170_/CLK
  uartUnit.fifoRX._171_/CLK
  uartUnit.fifoRX._172_/CLK
  uartUnit.fifoRX._173_/CLK
  uartUnit.fifoRX._174_/CLK
  uartUnit.fifoRX._175_/CLK
  uartUnit.fifoTX._136_/CLK
  uartUnit.fifoTX._137_/CLK
  uartUnit.fifoTX._138_/CLK
  uartUnit.fifoTX._139_/CLK
  uartUnit.fifoTX._140_/CLK
  uartUnit.fifoTX._141_/CLK
  uartUnit.fifoTX._142_/CLK
  uartUnit.fifoTX._143_/CLK
  uartUnit.fifoTX._144_/CLK
  uartUnit.fifoTX._145_/CLK
  uartUnit.fifoTX._146_/CLK
  uartUnit.fifoTX._147_/CLK
  uartUnit.fifoTX._148_/CLK
  uartUnit.fifoTX._149_/CLK
  uartUnit.fifoTX._150_/CLK
  uartUnit.fifoTX._151_/CLK
  uartUnit.fifoTX._152_/CLK
  uartUnit.fifoTX._153_/CLK
  uartUnit.fifoTX._154_/CLK
  uartUnit.fifoTX._155_/CLK
  uartUnit.fifoTX._156_/CLK
  uartUnit.fifoTX._157_/CLK
  uartUnit.fifoTX._158_/CLK
  uartUnit.fifoTX._159_/CLK
  uartUnit.fifoTX._160_/CLK
  uartUnit.fifoTX._161_/CLK
  uartUnit.fifoTX._162_/CLK
  uartUnit.fifoTX._163_/CLK
  uartUnit.fifoTX._164_/CLK
  uartUnit.fifoTX._165_/CLK
  uartUnit.fifoTX._166_/CLK
  uartUnit.fifoTX._167_/CLK
  uartUnit.fifoTX._168_/CLK
  uartUnit.fifoTX._169_/CLK
  uartUnit.fifoTX._170_/CLK
  uartUnit.fifoTX._171_/CLK
  uartUnit.fifoTX._172_/CLK
  uartUnit.fifoTX._173_/CLK
  uartUnit.fifoTX._174_/CLK
  uartUnit.fifoTX._175_/CLK
  uartUnit.uartRxUnit._137_/CLK
  uartUnit.uartRxUnit._138_/CLK
  uartUnit.uartRxUnit._139_/CLK
  uartUnit.uartRxUnit._140_/CLK
  uartUnit.uartRxUnit._141_/CLK
  uartUnit.uartRxUnit._142_/CLK
  uartUnit.uartRxUnit._143_/CLK
  uartUnit.uartRxUnit._144_/CLK
  uartUnit.uartRxUnit._145_/CLK
  uartUnit.uartRxUnit._146_/CLK
  uartUnit.uartRxUnit._147_/CLK
  uartUnit.uartRxUnit._148_/CLK
  uartUnit.uartRxUnit._149_/CLK
  uartUnit.uartRxUnit._150_/CLK
  uartUnit.uartRxUnit._151_/CLK
  uartUnit.uartRxUnit._152_/CLK
  uartUnit.uartRxUnit._153_/CLK
  uartUnit.uartRxUnit._154_/CLK
  uartUnit.uartRxUnit._155_/CLK
  uartUnit.uartTxUnit._155_/CLK
  uartUnit.uartTxUnit._156_/CLK
  uartUnit.uartTxUnit._157_/CLK
  uartUnit.uartTxUnit._158_/CLK
  uartUnit.uartTxUnit._159_/CLK
  uartUnit.uartTxUnit._160_/CLK
  uartUnit.uartTxUnit._161_/CLK
  uartUnit.uartTxUnit._162_/CLK
  uartUnit.uartTxUnit._163_/CLK
  uartUnit.uartTxUnit._164_/CLK
  uartUnit.uartTxUnit._165_/CLK
  uartUnit.uartTxUnit._166_/CLK
  uartUnit.uartTxUnit._167_/CLK
  uartUnit.uartTxUnit._168_/CLK
  uartUnit.uartTxUnit._169_/CLK
  uartUnit.uartTxUnit._170_/CLK
  uartUnit.uartTxUnit._171_/CLK
  uartUnit.uartTxUnit._172_/CLK
  uartUnit.uartTxUnit._173_/CLK
  uartUnit.uartTxUnit._174_/CLK
Warning: There are 167 unconstrained endpoints.
  o_uartTx
  alu_uart_interfaceUnit._188_/D
  alu_uart_interfaceUnit._189_/D
  alu_uart_interfaceUnit._190_/D
  alu_uart_interfaceUnit._191_/D
  alu_uart_interfaceUnit._192_/D
  alu_uart_interfaceUnit._193_/D
  alu_uart_interfaceUnit._194_/D
  alu_uart_interfaceUnit._195_/D
  alu_uart_interfaceUnit._196_/D
  alu_uart_interfaceUnit._197_/D
  alu_uart_interfaceUnit._198_/D
  alu_uart_interfaceUnit._199_/D
  alu_uart_interfaceUnit._200_/D
  alu_uart_interfaceUnit._201_/D
  alu_uart_interfaceUnit._202_/D
  alu_uart_interfaceUnit._203_/D
  alu_uart_interfaceUnit._204_/D
  alu_uart_interfaceUnit._205_/D
  alu_uart_interfaceUnit._206_/D
  alu_uart_interfaceUnit._207_/D
  alu_uart_interfaceUnit._208_/D
  alu_uart_interfaceUnit._209_/D
  alu_uart_interfaceUnit._210_/D
  alu_uart_interfaceUnit._211_/D
  alu_uart_interfaceUnit._212_/D
  alu_uart_interfaceUnit._213_/D
  alu_uart_interfaceUnit._214_/D
  alu_uart_interfaceUnit._215_/D
  alu_uart_interfaceUnit._216_/D
  alu_uart_interfaceUnit._217_/D
  alu_uart_interfaceUnit._218_/D
  alu_uart_interfaceUnit._219_/D
  alu_uart_interfaceUnit._220_/D
  alu_uart_interfaceUnit._221_/D
  alu_uart_interfaceUnit._222_/D
  alu_uart_interfaceUnit._223_/D
  alu_uart_interfaceUnit._224_/D
  alu_uart_interfaceUnit._225_/D
  uartUnit.baud_rateUnit._61_/D
  uartUnit.baud_rateUnit._62_/D
  uartUnit.baud_rateUnit._63_/D
  uartUnit.baud_rateUnit._64_/D
  uartUnit.baud_rateUnit._65_/D
  uartUnit.baud_rateUnit._66_/D
  uartUnit.baud_rateUnit._67_/D
  uartUnit.baud_rateUnit._68_/D
  uartUnit.baud_rateUnit._69_/D
  uartUnit.fifoRX._136_/D
  uartUnit.fifoRX._137_/D
  uartUnit.fifoRX._138_/D
  uartUnit.fifoRX._139_/D
  uartUnit.fifoRX._140_/D
  uartUnit.fifoRX._141_/D
  uartUnit.fifoRX._142_/D
  uartUnit.fifoRX._143_/D
  uartUnit.fifoRX._144_/D
  uartUnit.fifoRX._145_/D
  uartUnit.fifoRX._146_/D
  uartUnit.fifoRX._147_/D
  uartUnit.fifoRX._148_/D
  uartUnit.fifoRX._149_/D
  uartUnit.fifoRX._150_/D
  uartUnit.fifoRX._151_/D
  uartUnit.fifoRX._152_/D
  uartUnit.fifoRX._153_/D
  uartUnit.fifoRX._154_/D
  uartUnit.fifoRX._155_/D
  uartUnit.fifoRX._156_/D
  uartUnit.fifoRX._157_/D
  uartUnit.fifoRX._158_/D
  uartUnit.fifoRX._159_/D
  uartUnit.fifoRX._160_/D
  uartUnit.fifoRX._161_/D
  uartUnit.fifoRX._162_/D
  uartUnit.fifoRX._163_/D
  uartUnit.fifoRX._164_/D
  uartUnit.fifoRX._165_/D
  uartUnit.fifoRX._166_/D
  uartUnit.fifoRX._167_/D
  uartUnit.fifoRX._168_/D
  uartUnit.fifoRX._169_/D
  uartUnit.fifoRX._170_/D
  uartUnit.fifoRX._171_/D
  uartUnit.fifoRX._172_/D
  uartUnit.fifoRX._173_/D
  uartUnit.fifoRX._174_/D
  uartUnit.fifoRX._175_/D
  uartUnit.fifoTX._136_/D
  uartUnit.fifoTX._137_/D
  uartUnit.fifoTX._138_/D
  uartUnit.fifoTX._139_/D
  uartUnit.fifoTX._140_/D
  uartUnit.fifoTX._141_/D
  uartUnit.fifoTX._142_/D
  uartUnit.fifoTX._143_/D
  uartUnit.fifoTX._144_/D
  uartUnit.fifoTX._145_/D
  uartUnit.fifoTX._146_/D
  uartUnit.fifoTX._147_/D
  uartUnit.fifoTX._148_/D
  uartUnit.fifoTX._149_/D
  uartUnit.fifoTX._150_/D
  uartUnit.fifoTX._151_/D
  uartUnit.fifoTX._152_/D
  uartUnit.fifoTX._153_/D
  uartUnit.fifoTX._154_/D
  uartUnit.fifoTX._155_/D
  uartUnit.fifoTX._156_/D
  uartUnit.fifoTX._157_/D
  uartUnit.fifoTX._158_/D
  uartUnit.fifoTX._159_/D
  uartUnit.fifoTX._160_/D
  uartUnit.fifoTX._161_/D
  uartUnit.fifoTX._162_/D
  uartUnit.fifoTX._163_/D
  uartUnit.fifoTX._164_/D
  uartUnit.fifoTX._165_/D
  uartUnit.fifoTX._166_/D
  uartUnit.fifoTX._167_/D
  uartUnit.fifoTX._168_/D
  uartUnit.fifoTX._169_/D
  uartUnit.fifoTX._170_/D
  uartUnit.fifoTX._171_/D
  uartUnit.fifoTX._172_/D
  uartUnit.fifoTX._173_/D
  uartUnit.fifoTX._174_/D
  uartUnit.fifoTX._175_/D
  uartUnit.uartRxUnit._137_/D
  uartUnit.uartRxUnit._138_/D
  uartUnit.uartRxUnit._139_/D
  uartUnit.uartRxUnit._140_/D
  uartUnit.uartRxUnit._141_/D
  uartUnit.uartRxUnit._142_/D
  uartUnit.uartRxUnit._143_/D
  uartUnit.uartRxUnit._144_/D
  uartUnit.uartRxUnit._145_/D
  uartUnit.uartRxUnit._146_/D
  uartUnit.uartRxUnit._147_/D
  uartUnit.uartRxUnit._148_/D
  uartUnit.uartRxUnit._149_/D
  uartUnit.uartRxUnit._150_/D
  uartUnit.uartRxUnit._151_/D
  uartUnit.uartRxUnit._152_/D
  uartUnit.uartRxUnit._153_/D
  uartUnit.uartRxUnit._154_/D
  uartUnit.uartRxUnit._155_/D
  uartUnit.uartTxUnit._155_/D
  uartUnit.uartTxUnit._156_/D
  uartUnit.uartTxUnit._157_/D
  uartUnit.uartTxUnit._158_/D
  uartUnit.uartTxUnit._159_/D
  uartUnit.uartTxUnit._160_/D
  uartUnit.uartTxUnit._161_/D
  uartUnit.uartTxUnit._162_/D
  uartUnit.uartTxUnit._163_/D
  uartUnit.uartTxUnit._164_/D
  uartUnit.uartTxUnit._165_/D
  uartUnit.uartTxUnit._166_/D
  uartUnit.uartTxUnit._167_/D
  uartUnit.uartTxUnit._168_/D
  uartUnit.uartTxUnit._169_/D
  uartUnit.uartTxUnit._170_/D
  uartUnit.uartTxUnit._171_/D
  uartUnit.uartTxUnit._172_/D
  uartUnit.uartTxUnit._173_/D
  uartUnit.uartTxUnit._174_/D
%OL_END_REPORT
%OL_CREATE_REPORT power.rpt

===========================================================================
 report_power
============================================================================
======================= nom_tt_025C_1v80 Corner ===================================

Group                    Internal    Switching      Leakage        Total
                            Power        Power        Power        Power (Watts)
------------------------------------------------------------------------
Sequential           3.810186e-06 5.999566e-07 1.349806e-09 4.411492e-06  60.9%
Combinational        1.127106e-06 1.699808e-06 2.995602e-09 2.829910e-06  39.1%
Clock                0.000000e+00 0.000000e+00 3.175238e-10 3.175238e-10   0.0%
Macro                0.000000e+00 0.000000e+00 0.000000e+00 0.000000e+00   0.0%
Pad                  0.000000e+00 0.000000e+00 0.000000e+00 0.000000e+00   0.0%
------------------------------------------------------------------------
Total                4.937293e-06 2.299764e-06 4.662930e-09 7.241721e-06 100.0%
                            68.2%        31.8%         0.1%
Writing metric power__internal__total: 4.937292942486238e-6
Writing metric power__switching__total: 2.299764446433983e-6
Writing metric power__leakage__total: 4.66293004208751e-9
Writing metric power__total: 7.241720595629886e-6

%OL_END_REPORT
%OL_CREATE_REPORT skew.min.rpt

===========================================================================
Clock Skew (Hold)
============================================================================
Writing metric clock__skew__worst_hold__corner:nom_tt_025C_1v80: 0.0
======================= nom_tt_025C_1v80 Corner ===================================

Clock clk
No launch/capture paths found.

%OL_END_REPORT
%OL_CREATE_REPORT skew.max.rpt

===========================================================================
Clock Skew (Setup)
============================================================================
Writing metric clock__skew__worst_setup__corner:nom_tt_025C_1v80: 0.0
======================= nom_tt_025C_1v80 Corner ===================================

Clock clk
No launch/capture paths found.

%OL_END_REPORT
%OL_CREATE_REPORT ws.min.rpt

===========================================================================
Worst Slack (Hold)
============================================================================
Writing metric timing__hold__ws__corner:nom_tt_025C_1v80: 1.0000000433293989e+39
nom_tt_025C_1v80: 1.0000000433293989e+39
%OL_END_REPORT
%OL_CREATE_REPORT ws.max.rpt

===========================================================================
Worst Slack (Setup)
============================================================================
Writing metric timing__setup__ws__corner:nom_tt_025C_1v80: 1.0000000433293989e+39
nom_tt_025C_1v80: 1.0000000433293989e+39
%OL_END_REPORT
%OL_CREATE_REPORT tns.min.rpt

===========================================================================
Total Negative Slack (Hold)
============================================================================
Writing metric timing__hold__tns__corner:nom_tt_025C_1v80: 0.0
nom_tt_025C_1v80: 0.0
%OL_END_REPORT
%OL_CREATE_REPORT tns.max.rpt

===========================================================================
Total Negative Slack (Setup)
============================================================================
Writing metric timing__setup__tns__corner:nom_tt_025C_1v80: 0.0
nom_tt_025C_1v80: 0.0
%OL_END_REPORT
%OL_CREATE_REPORT wns.min.rpt

===========================================================================
Worst Negative Slack (Hold)
============================================================================
Writing metric timing__hold__wns__corner:nom_tt_025C_1v80: 0
nom_tt_025C_1v80: 0
%OL_END_REPORT
%OL_CREATE_REPORT wns.max.rpt

===========================================================================
Worst Negative Slack (Setup)
============================================================================
Writing metric timing__setup__wns__corner:nom_tt_025C_1v80: 0.0
nom_tt_025C_1v80: 0.0
%OL_END_REPORT
%OL_CREATE_REPORT violator_list.rpt

===========================================================================
Violator List
============================================================================
Writing metric timing__hold_vio__count__corner:nom_tt_025C_1v80: 0
Writing metric timing__hold_r2r__ws__corner:nom_tt_025C_1v80: 1e30
Writing metric timing__hold_r2r_vio__count__corner:nom_tt_025C_1v80: 0
Writing metric timing__setup_vio__count__corner:nom_tt_025C_1v80: 0
Writing metric timing__setup_r2r__ws__corner:nom_tt_025C_1v80: 1e30
Writing metric timing__setup_r2r_vio__count__corner:nom_tt_025C_1v80: 0
%OL_END_REPORT
%OL_CREATE_REPORT unpropagated.rpt
clk
%OL_END_REPORT
%OL_CREATE_REPORT clock.rpt
Clock: clk
Sources: 
Generated: no
Virtual: yes
Propagated: no
Period: 100.000000

===========================================================================
report_clock_properties
============================================================================
Clock                   Period          Waveform
----------------------------------------------------
clk                 100.000000    0.000000 50.000000

===========================================================================
report_clock_latency
============================================================================
Clock clk
rise -> rise
    min     max
0.000000 0.000000 source latency
20.447340         network latency uartUnit.uartRxUnit._155_/CLK
        20.826204 network latency uartUnit.fifoTX._146_/CLK
---------------
20.447340 20.826204 latency
        0.378863 skew

rise -> fall
    min     max
0.000000 0.000000 source latency
20.390623         network latency uartUnit.uartRxUnit._155_/CLK
        20.723345 network latency uartUnit.fifoTX._146_/CLK
---------------
20.390623 20.723345 latency
        0.332722 skew



===========================================================================
report_clock_min_period
============================================================================
clk period_min = 0.00 fmax = inf
%OL_END_REPORT
