Clock: clk
Sources: 
Generated: no
Virtual: yes
Propagated: no
Period: 100.000000

===========================================================================
report_clock_properties
============================================================================
Clock                   Period          Waveform
----------------------------------------------------
clk                 100.000000    0.000000 50.000000

===========================================================================
report_clock_latency
============================================================================
Clock clk
rise -> rise
    min     max
0.000000 0.000000 source latency
20.922245         network latency uartUnit.uartRxUnit._155_/CLK
        21.670893 network latency uartUnit.fifoTX._138_/CLK
---------------
20.922245 21.670893 latency
        0.748649 skew

rise -> fall
    min     max
0.000000 0.000000 source latency
20.826731         network latency uartUnit.uartRxUnit._155_/CLK
        21.507278 network latency uartUnit.fifoTX._138_/CLK
---------------
20.826731 21.507278 latency
        0.680547 skew



===========================================================================
report_clock_min_period
============================================================================
clk period_min = 0.00 fmax = inf
