[WARNING ORD-0039] .openroad ignored with -python
                                Cells by Master                                 
┏━━━━━━━━━━━━━━━━━━━━━━━━━━━━━━━━━━━━━━━━━━━━━━━━━━━━━━━━━━━━━━━━┳━━━━━━━━━━━━━┓
┃ Cell                                                           ┃ Count       ┃
┡━━━━━━━━━━━━━━━━━━━━━━━━━━━━━━━━━━━━━━━━━━━━━━━━━━━━━━━━━━━━━━━━╇━━━━━━━━━━━━━┩
│ sky130_ef_sc_hd__decap_12                                      │ 337         │
│ sky130_fd_sc_hd__a2111o_1                                      │ 2           │
│ sky130_fd_sc_hd__a2111oi_1                                     │ 1           │
│ sky130_fd_sc_hd__a2111oi_4                                     │ 1           │
│ sky130_fd_sc_hd__a211o_1                                       │ 8           │
│ sky130_fd_sc_hd__a211oi_1                                      │ 5           │
│ sky130_fd_sc_hd__a21bo_1                                       │ 2           │
│ sky130_fd_sc_hd__a21boi_1                                      │ 4           │
│ sky130_fd_sc_hd__a21o_1                                        │ 14          │
│ sky130_fd_sc_hd__a21oi_1                                       │ 24          │
│ sky130_fd_sc_hd__a21oi_2                                       │ 1           │
│ sky130_fd_sc_hd__a21oi_4                                       │ 1           │
│ sky130_fd_sc_hd__a221o_1                                       │ 2           │
│ sky130_fd_sc_hd__a221o_2                                       │ 1           │
│ sky130_fd_sc_hd__a22o_1                                        │ 4           │
│ sky130_fd_sc_hd__a2bb2o_1                                      │ 1           │
│ sky130_fd_sc_hd__a311o_1                                       │ 5           │
│ sky130_fd_sc_hd__a31o_1                                        │ 19          │
│ sky130_fd_sc_hd__a31oi_1                                       │ 1           │
│ sky130_fd_sc_hd__a32o_1                                        │ 3           │
│ sky130_fd_sc_hd__a41o_1                                        │ 1           │
│ sky130_fd_sc_hd__and2_1                                        │ 25          │
│ sky130_fd_sc_hd__and2_2                                        │ 1           │
│ sky130_fd_sc_hd__and2b_1                                       │ 2           │
│ sky130_fd_sc_hd__and2b_2                                       │ 1           │
│ sky130_fd_sc_hd__and3_1                                        │ 13          │
│ sky130_fd_sc_hd__and3_2                                        │ 1           │
│ sky130_fd_sc_hd__and3_4                                        │ 2           │
│ sky130_fd_sc_hd__and3b_1                                       │ 1           │
│ sky130_fd_sc_hd__and3b_2                                       │ 1           │
│ sky130_fd_sc_hd__and3b_4                                       │ 4           │
│ sky130_fd_sc_hd__and4_1                                        │ 2           │
│ sky130_fd_sc_hd__and4_2                                        │ 3           │
│ sky130_fd_sc_hd__and4_4                                        │ 1           │
│ sky130_fd_sc_hd__and4bb_1                                      │ 1           │
│ sky130_fd_sc_hd__buf_1                                         │ 6           │
│ sky130_fd_sc_hd__buf_2                                         │ 17          │
│ sky130_fd_sc_hd__clkbuf_1                                      │ 2           │
│ sky130_fd_sc_hd__clkbuf_2                                      │ 28          │
│ sky130_fd_sc_hd__clkbuf_4                                      │ 3           │
│ sky130_fd_sc_hd__decap_3                                       │ 204         │
│ sky130_fd_sc_hd__decap_4                                       │ 109         │
│ sky130_fd_sc_hd__decap_6                                       │ 80          │
│ sky130_fd_sc_hd__decap_8                                       │ 133         │
│ sky130_fd_sc_hd__dfxtp_1                                       │ 146         │
│ sky130_fd_sc_hd__dfxtp_2                                       │ 18          │
│ sky130_fd_sc_hd__dfxtp_4                                       │ 2           │
│ sky130_fd_sc_hd__dlymetal6s2s_1                                │ 7           │
│ sky130_fd_sc_hd__fill_1                                        │ 245         │
│ sky130_fd_sc_hd__fill_2                                        │ 148         │
│ sky130_fd_sc_hd__inv_2                                         │ 32          │
│ sky130_fd_sc_hd__mux2_1                                        │ 91          │
│ sky130_fd_sc_hd__mux4_1                                        │ 17          │
│ sky130_fd_sc_hd__mux4_2                                        │ 1           │
│ sky130_fd_sc_hd__nand2_1                                       │ 24          │
│ sky130_fd_sc_hd__nand2b_1                                      │ 3           │
│ sky130_fd_sc_hd__nand2b_2                                      │ 1           │
│ sky130_fd_sc_hd__nand3_1                                       │ 6           │
│ sky130_fd_sc_hd__nand3_4                                       │ 1           │
│ sky130_fd_sc_hd__nand3b_1                                      │ 2           │
│ sky130_fd_sc_hd__nand4_1                                       │ 1           │
│ sky130_fd_sc_hd__nand4b_4                                      │ 1           │
│ sky130_fd_sc_hd__nor2_1                                        │ 22          │
│ sky130_fd_sc_hd__nor2_2                                        │ 3           │
│ sky130_fd_sc_hd__nor2_4                                        │ 1           │
│ sky130_fd_sc_hd__nor3_1                                        │ 11          │
│ sky130_fd_sc_hd__nor3_2                                        │ 1           │
│ sky130_fd_sc_hd__nor3_4                                        │ 1           │
│ sky130_fd_sc_hd__nor3b_1                                       │ 3           │
│ sky130_fd_sc_hd__nor4_1                                        │ 3           │
│ sky130_fd_sc_hd__nor4_2                                        │ 1           │
│ sky130_fd_sc_hd__nor4b_1                                       │ 1           │
│ sky130_fd_sc_hd__o2111a_1                                      │ 2           │
│ sky130_fd_sc_hd__o211a_1                                       │ 43          │
│ sky130_fd_sc_hd__o21a_1                                        │ 25          │
│ sky130_fd_sc_hd__o21a_2                                        │ 1           │
│ sky130_fd_sc_hd__o21ai_1                                       │ 9           │
│ sky130_fd_sc_hd__o21ai_2                                       │ 1           │
│ sky130_fd_sc_hd__o21bai_1                                      │ 1           │
│ sky130_fd_sc_hd__o221a_1                                       │ 4           │
│ sky130_fd_sc_hd__o22a_1                                        │ 6           │
│ sky130_fd_sc_hd__o22ai_1                                       │ 2           │
│ sky130_fd_sc_hd__o2bb2a_1                                      │ 3           │
│ sky130_fd_sc_hd__o311a_1                                       │ 5           │
│ sky130_fd_sc_hd__o31a_1                                        │ 4           │
│ sky130_fd_sc_hd__o31a_2                                        │ 1           │
│ sky130_fd_sc_hd__o31ai_1                                       │ 3           │
│ sky130_fd_sc_hd__o31ai_2                                       │ 1           │
│ sky130_fd_sc_hd__o31ai_4                                       │ 1           │
│ sky130_fd_sc_hd__o32a_1                                        │ 1           │
│ sky130_fd_sc_hd__o41a_1                                        │ 1           │
│ sky130_fd_sc_hd__or2_1                                         │ 22          │
│ sky130_fd_sc_hd__or2_2                                         │ 2           │
│ sky130_fd_sc_hd__or3_1                                         │ 19          │
│ sky130_fd_sc_hd__or3_2                                         │ 1           │
│ sky130_fd_sc_hd__or3b_1                                        │ 3           │
│ sky130_fd_sc_hd__or4_1                                         │ 14          │
│ sky130_fd_sc_hd__or4_4                                         │ 2           │
│ sky130_fd_sc_hd__or4b_1                                        │ 4           │
│ sky130_fd_sc_hd__or4b_2                                        │ 2           │
│ sky130_fd_sc_hd__or4b_4                                        │ 1           │
│ sky130_fd_sc_hd__or4bb_2                                       │ 1           │
│ sky130_fd_sc_hd__tapvpwrvgnd_1                                 │ 255         │
│ sky130_fd_sc_hd__xnor2_1                                       │ 12          │
│ sky130_fd_sc_hd__xor2_1                                        │ 4           │
└────────────────────────────────────────────────────────────────┴─────────────┘
                               Cells by Function                                
┏━━━━━━━━━━━━━━━━━━━━━━━━━━━━━━━━━━━━━━━━━━━━━━━━━━━━━━━━━━━━━━━┳━━━━━━━━━━━━━━┓
┃ Cell Function                                                 ┃ Count        ┃
┡━━━━━━━━━━━━━━━━━━━━━━━━━━━━━━━━━━━━━━━━━━━━━━━━━━━━━━━━━━━━━━━╇━━━━━━━━━━━━━━┩
│ sky130_ef_sc_hd__decap                                        │ 337          │
│ sky130_fd_sc_hd__a2111o                                       │ 2            │
│ sky130_fd_sc_hd__a2111oi                                      │ 2            │
│ sky130_fd_sc_hd__a211o                                        │ 8            │
│ sky130_fd_sc_hd__a211oi                                       │ 5            │
│ sky130_fd_sc_hd__a21bo                                        │ 2            │
│ sky130_fd_sc_hd__a21boi                                       │ 4            │
│ sky130_fd_sc_hd__a21o                                         │ 14           │
│ sky130_fd_sc_hd__a21oi                                        │ 26           │
│ sky130_fd_sc_hd__a221o                                        │ 3            │
│ sky130_fd_sc_hd__a22o                                         │ 4            │
│ sky130_fd_sc_hd__a2bb2o                                       │ 1            │
│ sky130_fd_sc_hd__a311o                                        │ 5            │
│ sky130_fd_sc_hd__a31o                                         │ 19           │
│ sky130_fd_sc_hd__a31oi                                        │ 1            │
│ sky130_fd_sc_hd__a32o                                         │ 3            │
│ sky130_fd_sc_hd__a41o                                         │ 1            │
│ sky130_fd_sc_hd__and2                                         │ 26           │
│ sky130_fd_sc_hd__and2b                                        │ 3            │
│ sky130_fd_sc_hd__and3                                         │ 16           │
│ sky130_fd_sc_hd__and3b                                        │ 6            │
│ sky130_fd_sc_hd__and4                                         │ 6            │
│ sky130_fd_sc_hd__and4bb                                       │ 1            │
│ sky130_fd_sc_hd__buf                                          │ 23           │
│ sky130_fd_sc_hd__clkbuf                                       │ 33           │
│ sky130_fd_sc_hd__decap                                        │ 526          │
│ sky130_fd_sc_hd__dfxtp                                        │ 166          │
│ sky130_fd_sc_hd__dlymetal6s2s                                 │ 7            │
│ sky130_fd_sc_hd__fill                                         │ 393          │
│ sky130_fd_sc_hd__inv                                          │ 32           │
│ sky130_fd_sc_hd__mux2                                         │ 91           │
│ sky130_fd_sc_hd__mux4                                         │ 18           │
│ sky130_fd_sc_hd__nand2                                        │ 24           │
│ sky130_fd_sc_hd__nand2b                                       │ 4            │
│ sky130_fd_sc_hd__nand3                                        │ 7            │
│ sky130_fd_sc_hd__nand3b                                       │ 2            │
│ sky130_fd_sc_hd__nand4                                        │ 1            │
│ sky130_fd_sc_hd__nand4b                                       │ 1            │
│ sky130_fd_sc_hd__nor2                                         │ 26           │
│ sky130_fd_sc_hd__nor3                                         │ 13           │
│ sky130_fd_sc_hd__nor3b                                        │ 3            │
│ sky130_fd_sc_hd__nor4                                         │ 4            │
│ sky130_fd_sc_hd__nor4b                                        │ 1            │
│ sky130_fd_sc_hd__o2111a                                       │ 2            │
│ sky130_fd_sc_hd__o211a                                        │ 43           │
│ sky130_fd_sc_hd__o21a                                         │ 26           │
│ sky130_fd_sc_hd__o21ai                                        │ 10           │
│ sky130_fd_sc_hd__o21bai                                       │ 1            │
│ sky130_fd_sc_hd__o221a                                        │ 4            │
│ sky130_fd_sc_hd__o22a                                         │ 6            │
│ sky130_fd_sc_hd__o22ai                                        │ 2            │
│ sky130_fd_sc_hd__o2bb2a                                       │ 3            │
│ sky130_fd_sc_hd__o311a                                        │ 5            │
│ sky130_fd_sc_hd__o31a                                         │ 5            │
│ sky130_fd_sc_hd__o31ai                                        │ 5            │
│ sky130_fd_sc_hd__o32a                                         │ 1            │
│ sky130_fd_sc_hd__o41a                                         │ 1            │
│ sky130_fd_sc_hd__or2                                          │ 24           │
│ sky130_fd_sc_hd__or3                                          │ 20           │
│ sky130_fd_sc_hd__or3b                                         │ 3            │
│ sky130_fd_sc_hd__or4                                          │ 16           │
│ sky130_fd_sc_hd__or4b                                         │ 7            │
│ sky130_fd_sc_hd__or4bb                                        │ 1            │
│ sky130_fd_sc_hd__tapvpwrvgnd                                  │ 255          │
│ sky130_fd_sc_hd__xnor2                                        │ 12           │
│ sky130_fd_sc_hd__xor2                                         │ 4            │
└───────────────────────────────────────────────────────────────┴──────────────┘
                                  Cells by SCL                                  
┏━━━━━━━━━━━━━━━━━━━━━━━━━━━━━━━━━━━━━━━━━━━━━━━━━━━━━━━┳━━━━━━━━━━━━━━━━━━━━━━┓
┃ SCL                                                   ┃ Count                ┃
┡━━━━━━━━━━━━━━━━━━━━━━━━━━━━━━━━━━━━━━━━━━━━━━━━━━━━━━━╇━━━━━━━━━━━━━━━━━━━━━━┩
│ sky130_ef_sc_hd                                       │ 337                  │
│ sky130_fd_sc_hd                                       │ 1989                 │
└───────────────────────────────────────────────────────┴──────────────────────┘
                             Buffers by Cell Master                             
┏━━━━━━━━━━━━━━━━━━━━━━━━━━━━━━━━━━━━━━━━━━━━━━━━━━━━━━━━━━━━━━━━┳━━━━━━━━━━━━━┓
┃ Buffer                                                         ┃ Count       ┃
┡━━━━━━━━━━━━━━━━━━━━━━━━━━━━━━━━━━━━━━━━━━━━━━━━━━━━━━━━━━━━━━━━╇━━━━━━━━━━━━━┩
│ sky130_fd_sc_hd__buf_1                                         │ 6           │
│ sky130_fd_sc_hd__buf_2                                         │ 17          │
│ sky130_fd_sc_hd__clkbuf_1                                      │ 2           │
│ sky130_fd_sc_hd__clkbuf_2                                      │ 28          │
│ sky130_fd_sc_hd__clkbuf_4                                      │ 3           │
│ sky130_fd_sc_hd__dlymetal6s2s_1                                │ 7           │
└────────────────────────────────────────────────────────────────┴─────────────┘
