Clock: clk
Sources: 
Generated: no
Virtual: yes
Propagated: no
Period: 100.000000

===========================================================================
report_clock_properties
============================================================================
Clock                   Period          Waveform
----------------------------------------------------
clk                 100.000000    0.000000 50.000000

===========================================================================
report_clock_latency
============================================================================
Clock clk
rise -> rise
    min     max
0.000000 0.000000 source latency
21.426928         network latency alu_uart_interfaceUnit._188_/CLK
        21.426928 network latency alu_uart_interfaceUnit._188_/CLK
---------------
21.426928 21.426928 latency
        0.000000 skew

rise -> fall
    min     max
0.000000 0.000000 source latency
20.803326         network latency alu_uart_interfaceUnit._188_/CLK
        20.803326 network latency alu_uart_interfaceUnit._188_/CLK
---------------
20.803326 20.803326 latency
        0.000000 skew



===========================================================================
report_clock_min_period
============================================================================
clk period_min = 0.00 fmax = inf
