Clock: clk
Sources: 
Generated: no
Virtual: yes
Propagated: no
Period: 100.000000

===========================================================================
report_clock_properties
============================================================================
Clock                   Period          Waveform
----------------------------------------------------
clk                 100.000000    0.000000 50.000000

===========================================================================
report_clock_latency
============================================================================
Clock clk
rise -> rise
    min     max
0.000000 0.000000 source latency
20.365341         network latency uartUnit.uartRxUnit._155_/CLK
        20.670647 network latency uartUnit.fifoTX._146_/CLK
---------------
20.365341 20.670647 latency
        0.305304 skew

rise -> fall
    min     max
0.000000 0.000000 source latency
20.298349         network latency uartUnit.uartRxUnit._155_/CLK
        20.561274 network latency uartUnit.fifoTX._146_/CLK
---------------
20.298349 20.561274 latency
        0.262924 skew



===========================================================================
report_clock_min_period
============================================================================
clk period_min = 0.00 fmax = inf
