Clock: clk
Sources: 
Generated: no
Virtual: yes
Propagated: no
Period: 100.000000

===========================================================================
report_clock_properties
============================================================================
Clock                   Period          Waveform
----------------------------------------------------
clk                 100.000000    0.000000 50.000000

===========================================================================
report_clock_latency
============================================================================
Clock clk
rise -> rise
    min     max
0.000000 0.000000 source latency
20.375919         network latency uartUnit.uartRxUnit._155_/CLK
        20.690832 network latency uartUnit.fifoTX._138_/CLK
---------------
20.375919 20.690832 latency
        0.314913 skew

rise -> fall
    min     max
0.000000 0.000000 source latency
20.305326         network latency uartUnit.uartRxUnit._155_/CLK
        20.576023 network latency uartUnit.fifoTX._138_/CLK
---------------
20.305326 20.576023 latency
        0.270697 skew



===========================================================================
report_clock_min_period
============================================================================
clk period_min = 0.00 fmax = inf
