Clock: clk
Sources: 
Generated: no
Virtual: yes
Propagated: no
Period: 100.000000

===========================================================================
report_clock_properties
============================================================================
Clock                   Period          Waveform
----------------------------------------------------
clk                 100.000000    0.000000 50.000000

===========================================================================
report_clock_latency
============================================================================
Clock clk
rise -> rise
    min     max
0.000000 0.000000 source latency
20.518290         network latency uartUnit.uartRxUnit._155_/CLK
        20.949736 network latency uartUnit.fifoTX._138_/CLK
---------------
20.518290 20.949736 latency
        0.431445 skew

rise -> fall
    min     max
0.000000 0.000000 source latency
20.435305         network latency uartUnit.uartRxUnit._155_/CLK
        20.811369 network latency uartUnit.fifoTX._138_/CLK
---------------
20.435305 20.811369 latency
        0.376065 skew



===========================================================================
report_clock_min_period
============================================================================
clk period_min = 0.00 fmax = inf
