Clock: clk
Sources: 
Generated: no
Virtual: yes
Propagated: no
Period: 100.000000

===========================================================================
report_clock_properties
============================================================================
Clock                   Period          Waveform
----------------------------------------------------
clk                 100.000000    0.000000 50.000000

===========================================================================
report_clock_latency
============================================================================
Clock clk
rise -> rise
    min     max
0.000000 0.000000 source latency
20.553562         network latency uartUnit.uartRxUnit._155_/CLK
        21.011621 network latency uartUnit.fifoTX._138_/CLK
---------------
20.553562 21.011621 latency
        0.458059 skew

rise -> fall
    min     max
0.000000 0.000000 source latency
20.457706         network latency uartUnit.uartRxUnit._155_/CLK
        20.856874 network latency uartUnit.fifoTX._138_/CLK
---------------
20.457706 20.856874 latency
        0.399167 skew



===========================================================================
report_clock_min_period
============================================================================
clk period_min = 0.00 fmax = inf
