Clock: clk
Sources: 
Generated: no
Virtual: yes
Propagated: no
Period: 100.000000

===========================================================================
report_clock_properties
============================================================================
Clock                   Period          Waveform
----------------------------------------------------
clk                 100.000000    0.000000 50.000000

===========================================================================
report_clock_latency
============================================================================
Clock clk
rise -> rise
    min     max
0.000000 0.000000 source latency
20.538099         network latency uartUnit.uartRxUnit._155_/CLK
        20.983027 network latency uartUnit.fifoTX._146_/CLK
---------------
20.538099 20.983027 latency
        0.444926 skew

rise -> fall
    min     max
0.000000 0.000000 source latency
20.447474         network latency uartUnit.uartRxUnit._155_/CLK
        20.835232 network latency uartUnit.fifoTX._146_/CLK
---------------
20.447474 20.835232 latency
        0.387757 skew



===========================================================================
report_clock_min_period
============================================================================
clk period_min = 0.00 fmax = inf
