Clock: clk
Sources: 
Generated: no
Virtual: yes
Propagated: no
Period: 100.000000

===========================================================================
report_clock_properties
============================================================================
Clock                   Period          Waveform
----------------------------------------------------
clk                 100.000000    0.000000 50.000000

===========================================================================
report_clock_latency
============================================================================
Clock clk
rise -> rise
    min     max
0.000000 0.000000 source latency
20.447340         network latency uartUnit.uartRxUnit._155_/CLK
        20.826204 network latency uartUnit.fifoTX._146_/CLK
---------------
20.447340 20.826204 latency
        0.378863 skew

rise -> fall
    min     max
0.000000 0.000000 source latency
20.390623         network latency uartUnit.uartRxUnit._155_/CLK
        20.723345 network latency uartUnit.fifoTX._146_/CLK
---------------
20.390623 20.723345 latency
        0.332722 skew



===========================================================================
report_clock_min_period
============================================================================
clk period_min = 0.00 fmax = inf
