Clock: clk
Sources: 
Generated: no
Virtual: yes
Propagated: no
Period: 100.000000

===========================================================================
report_clock_properties
============================================================================
Clock                   Period          Waveform
----------------------------------------------------
clk                 100.000000    0.000000 50.000000

===========================================================================
report_clock_latency
============================================================================
Clock clk
rise -> rise
    min     max
0.000000 0.000000 source latency
20.468094         network latency uartUnit.uartRxUnit._155_/CLK
        20.880123 network latency uartUnit.fifoTX._146_/CLK
---------------
20.468094 20.880123 latency
        0.412030 skew

rise -> fall
    min     max
0.000000 0.000000 source latency
20.404711         network latency uartUnit.uartRxUnit._155_/CLK
        20.763187 network latency uartUnit.fifoTX._146_/CLK
---------------
20.404711 20.763187 latency
        0.358476 skew



===========================================================================
report_clock_min_period
============================================================================
clk period_min = 0.00 fmax = inf
